<?xml version="1.0" encoding="UTF-8"?>
<!-- Generated by org.testng.reporters.JUnitReportReporter -->
<testsuite hostname="DESKTOP-JKGOI6O" failures="0" tests="1" name="test.RegistrationTest" time="43.414" errors="0" timestamp="2022-11-20T12:32:03 EST" skipped="0">
  <testcase classname="test.RegistrationTest" name="newCustomeRegistration" time="43.414"/>
  <system-out/>
</testsuite> <!-- test.RegistrationTest -->
